<?xml version="1.0" encoding="UTF-8"?>
<!-- Generated by org.testng.reporters.JUnitReportReporter -->
<testsuite skipped="1" hostname="DESKTOP-90C26VK" name="com.automation.testcases.Test8_radiocheck" tests="2" failures="0" timestamp="14 Nov 2019 11:09:44 GMT" time="9.219" errors="1">
  <testcase name="radio" time="0.000" classname="com.automation.testcases.Test8_radiocheck">
    <skipped/>
  </testcase> <!-- radio -->
  <testcase name="setup" time="9.219" classname="com.automation.testcases.Test8_radiocheck">
    <error type="org.openqa.selenium.WebDriverException" message="Target URL www.webdriveruniversity.com/Dropdown-Checkboxes-RadioButtons/index.html is not well-formed.
Command duration or timeout: 0 milliseconds">
      <![CDATA[org.openqa.selenium.WebDriverException: Target URL www.webdriveruniversity.com/Dropdown-Checkboxes-RadioButtons/index.html is not well-formed.
Command duration or timeout: 0 milliseconds
at sun.reflect.NativeConstructorAccessorImpl.newInstance0(Native Method)
at sun.reflect.NativeConstructorAccessorImpl.newInstance(NativeConstructorAccessorImpl.java:62)
at sun.reflect.DelegatingConstructorAccessorImpl.newInstance(DelegatingConstructorAccessorImpl.java:45)
at java.lang.reflect.Constructor.newInstance(Constructor.java:423)
at org.openqa.selenium.remote.ErrorHandler.createThrowable(ErrorHandler.java:214)
at org.openqa.selenium.remote.ErrorHandler.throwIfResponseFailed(ErrorHandler.java:166)
at org.openqa.selenium.remote.http.JsonHttpResponseCodec.reconstructValue(JsonHttpResponseCodec.java:40)
at org.openqa.selenium.remote.http.AbstractHttpResponseCodec.decode(AbstractHttpResponseCodec.java:80)
at org.openqa.selenium.remote.http.AbstractHttpResponseCodec.decode(AbstractHttpResponseCodec.java:44)
at org.openqa.selenium.remote.HttpCommandExecutor.execute(HttpCommandExecutor.java:158)
at org.openqa.selenium.remote.service.DriverCommandExecutor.execute(DriverCommandExecutor.java:83)
at org.openqa.selenium.remote.RemoteWebDriver.execute(RemoteWebDriver.java:552)
at org.openqa.selenium.remote.RemoteWebDriver.get(RemoteWebDriver.java:277)
at com.automation.utilities.Browserfactory.startBrowser(Browserfactory.java:29)
at com.automation.Base.Base.setup(Base.java:33)
at sun.reflect.NativeMethodAccessorImpl.invoke0(Native Method)
at sun.reflect.NativeMethodAccessorImpl.invoke(NativeMethodAccessorImpl.java:62)
at sun.reflect.DelegatingMethodAccessorImpl.invoke(DelegatingMethodAccessorImpl.java:43)
at java.lang.reflect.Method.invoke(Method.java:498)
at org.testng.internal.MethodInvocationHelper.invokeMethod(MethodInvocationHelper.java:124)
at org.testng.internal.MethodInvocationHelper.invokeMethodConsideringTimeout(MethodInvocationHelper.java:59)
at org.testng.internal.Invoker.invokeConfigurationMethod(Invoker.java:455)
at org.testng.internal.Invoker.invokeConfigurations(Invoker.java:222)
at org.testng.internal.Invoker.invokeConfigurations(Invoker.java:142)
at org.testng.internal.TestMethodWorker.invokeBeforeClassMethods(TestMethodWorker.java:168)
at org.testng.internal.TestMethodWorker.run(TestMethodWorker.java:105)
at org.testng.TestRunner.privateRun(TestRunner.java:648)
at org.testng.TestRunner.run(TestRunner.java:505)
at org.testng.SuiteRunner.runTest(SuiteRunner.java:455)
at org.testng.SuiteRunner.runSequentially(SuiteRunner.java:450)
at org.testng.SuiteRunner.privateRun(SuiteRunner.java:415)
at org.testng.SuiteRunner.run(SuiteRunner.java:364)
at org.testng.SuiteRunnerWorker.runSuite(SuiteRunnerWorker.java:52)
at org.testng.SuiteRunnerWorker.run(SuiteRunnerWorker.java:84)
at org.testng.TestNG.runSuitesSequentially(TestNG.java:1208)
at org.testng.TestNG.runSuitesLocally(TestNG.java:1137)
at org.testng.TestNG.runSuites(TestNG.java:1049)
at org.testng.TestNG.run(TestNG.java:1017)
at org.testng.remote.AbstractRemoteTestNG.run(AbstractRemoteTestNG.java:114)
at org.testng.remote.RemoteTestNG.initAndRun(RemoteTestNG.java:251)
at org.testng.remote.RemoteTestNG.main(RemoteTestNG.java:77)
Caused by: org.openqa.selenium.WebDriverException: Target URL www.webdriveruniversity.com/Dropdown-Checkboxes-RadioButtons/index.html is not well-formed.
Build info: version: '3.141.59', revision: 'e82be7d358', time: '2018-11-14T08:17:03'
System info: host: 'DESKTOP-90C26VK', ip: '10.10.99.234', os.name: 'Windows 10', os.arch: 'amd64', os.version: '10.0', java.version: '1.8.0_181'
Driver info: driver.version: unknown
at <anonymous class>.FirefoxDriver.prototype.get(jar:file:///C:/Users/user/AppData/Local/Temp/anonymous8347181123714427727webdriver-profile/extensions/fxdriver@googlecode.com.xpi!/components/driver-component.js:11745)
at <anonymous class>.DelayedCommand.prototype.executeInternal_/k(jar:file:///C:/Users/user/AppData/Local/Temp/anonymous8347181123714427727webdriver-profile/extensions/fxdriver@googlecode.com.xpi!/components/command-processor.js:13395)
at <anonymous class>.DelayedCommand.prototype.executeInternal_(jar:file:///C:/Users/user/AppData/Local/Temp/anonymous8347181123714427727webdriver-profile/extensions/fxdriver@googlecode.com.xpi!/components/command-processor.js:13400)
at <anonymous class>.DelayedCommand.prototype.execute/<(jar:file:///C:/Users/user/AppData/Local/Temp/anonymous8347181123714427727webdriver-profile/extensions/fxdriver@googlecode.com.xpi!/components/command-processor.js:13342)
]]>
    </error>
  </testcase> <!-- setup -->
</testsuite> <!-- com.automation.testcases.Test8_radiocheck -->
