<?xml version="1.0" encoding="UTF-8"?>
<!-- Generated by org.testng.reporters.JUnitReportReporter -->
<testsuite skipped="0" hostname="DESKTOP-90C26VK" name="com.automation.testcases.Test2_selectfacility" tests="2" failures="0" timestamp="22 Oct 2019 11:01:57 GMT" time="3.520" errors="0">
  <testcase name="Selectfacility" time="2.071" classname="com.automation.testcases.Test2_selectfacility"/>
  <testcase name="login" time="1.449" classname="com.automation.testcases.Test2_selectfacility"/>
</testsuite> <!-- com.automation.testcases.Test2_selectfacility -->
