<?xml version="1.0" encoding="UTF-8"?>
<testng-results skipped="0" failed="1" ignored="0" total="1" passed="0">
  <reporter-output>
  </reporter-output>
  <suite name="Default suite" duration-ms="13531" started-at="2019-02-01T06:47:49Z" finished-at="2019-02-01T06:48:03Z">
    <groups>
    </groups>
    <test name="Default test" duration-ms="13531" started-at="2019-02-01T06:47:49Z" finished-at="2019-02-01T06:48:03Z">
      <class name="Tests.Login_TNG">
        <test-method status="PASS" signature="setUpTest()[pri:0, instance:Tests.Login_TNG@6b57696f]" name="setUpTest" is-config="true" duration-ms="13503" started-at="2019-02-01T06:47:49Z" finished-at="2019-02-01T06:48:03Z">
          <reporter-output>
          </reporter-output>
        </test-method> <!-- setUpTest -->
        <test-method status="FAIL" signature="Login_Testcasemethod()[pri:0, instance:Tests.Login_TNG@6b57696f]" name="Login_Testcasemethod" duration-ms="5" started-at="2019-02-01T06:48:03Z" finished-at="2019-02-01T06:48:03Z">
          <exception class="java.lang.Error">
            <message>
              <![CDATA[Unresolved compilation problems: 
The constructor IntakeLogin2(WebDriver) is undefined
The method SetTextInPassword(WebDriver) in the type IntakeLogin2 is not applicable for the arguments (String)
The method ClickOnButton(WebDriver) in the type IntakeLogin2 is not applicable for the arguments ()
]]>
            </message>
            <full-stacktrace>
              <![CDATA[java.lang.Error: Unresolved compilation problems: 
The constructor IntakeLogin2(WebDriver) is undefined
The method SetTextInPassword(WebDriver) in the type IntakeLogin2 is not applicable for the arguments (String)
The method ClickOnButton(WebDriver) in the type IntakeLogin2 is not applicable for the arguments ()

at Tests.Login_TNG.Login_Testcasemethod(Login_TNG.java:13)
at sun.reflect.NativeMethodAccessorImpl.invoke0(Native Method)
at sun.reflect.NativeMethodAccessorImpl.invoke(Unknown Source)
at sun.reflect.DelegatingMethodAccessorImpl.invoke(Unknown Source)
at java.lang.reflect.Method.invoke(Unknown Source)
at org.testng.internal.MethodInvocationHelper.invokeMethod(MethodInvocationHelper.java:124)
at org.testng.internal.Invoker.invokeMethod(Invoker.java:580)
at org.testng.internal.Invoker.invokeTestMethod(Invoker.java:716)
at org.testng.internal.Invoker.invokeTestMethods(Invoker.java:988)
at org.testng.internal.TestMethodWorker.invokeTestMethods(TestMethodWorker.java:125)
at org.testng.internal.TestMethodWorker.run(TestMethodWorker.java:109)
at org.testng.TestRunner.privateRun(TestRunner.java:648)
at org.testng.TestRunner.run(TestRunner.java:505)
at org.testng.SuiteRunner.runTest(SuiteRunner.java:455)
at org.testng.SuiteRunner.runSequentially(SuiteRunner.java:450)
at org.testng.SuiteRunner.privateRun(SuiteRunner.java:415)
at org.testng.SuiteRunner.run(SuiteRunner.java:364)
at org.testng.SuiteRunnerWorker.runSuite(SuiteRunnerWorker.java:52)
at org.testng.SuiteRunnerWorker.run(SuiteRunnerWorker.java:84)
at org.testng.TestNG.runSuitesSequentially(TestNG.java:1208)
at org.testng.TestNG.runSuitesLocally(TestNG.java:1137)
at org.testng.TestNG.runSuites(TestNG.java:1049)
at org.testng.TestNG.run(TestNG.java:1017)
at org.testng.remote.AbstractRemoteTestNG.run(AbstractRemoteTestNG.java:114)
at org.testng.remote.RemoteTestNG.initAndRun(RemoteTestNG.java:251)
at org.testng.remote.RemoteTestNG.main(RemoteTestNG.java:77)
]]>
            </full-stacktrace>
          </exception> <!-- java.lang.Error -->
          <reporter-output>
          </reporter-output>
        </test-method> <!-- Login_Testcasemethod -->
      </class> <!-- Tests.Login_TNG -->
    </test> <!-- Default test -->
  </suite> <!-- Default suite -->
</testng-results>
