<?xml version="1.0" encoding="UTF-8"?>
<testng-results skipped="0" failed="0" ignored="2" total="3" passed="1">
  <reporter-output>
  </reporter-output>
  <suite name="Suite" duration-ms="95" started-at="2020-02-19T06:45:20Z" finished-at="2020-02-19T06:45:20Z">
    <groups>
      <group name="smoke">
        <method signature="Tc2_selectfacility.fourthclass()[pri:0, instance:com.automation.testcases.Tc2_selectfacility@6093dd95]" name="fourthclass" class="com.automation.testcases.Tc2_selectfacility"/>
      </group> <!-- smoke -->
    </groups>
    <test name="Test" duration-ms="95" started-at="2020-02-19T06:45:20Z" finished-at="2020-02-19T06:45:20Z">
      <class name="com.automation.testcases.Tc2_selectfacility">
        <test-method status="PASS" signature="fourthclass()[pri:0, instance:com.automation.testcases.Tc2_selectfacility@6093dd95]" name="fourthclass" duration-ms="24" started-at="2020-02-19T06:45:20Z" finished-at="2020-02-19T06:45:20Z">
          <reporter-output>
          </reporter-output>
        </test-method> <!-- fourthclass -->
      </class> <!-- com.automation.testcases.Tc2_selectfacility -->
    </test> <!-- Test -->
  </suite> <!-- Suite -->
</testng-results>
