<?xml version="1.0" encoding="UTF-8"?>
<!-- Generated by org.testng.reporters.JUnitXMLReporter -->
<testsuite hostname="DESKTOP-90C26VK" ignored="2" name="Test" tests="1" failures="0" timestamp="19 Feb 2020 06:45:20 GMT" time="0.095" errors="0">
  <testcase name="fourthclass" time="0.024" classname="com.automation.testcases.Tc2_selectfacility"/>
  <testcase name="anothersecondclass" time="0.0" classname="com.automation.testcases.Tc2_selectfacility">
    <ignored/>
  </testcase> <!-- anothersecondclass -->
  <testcase name="Selectfacility" time="0.0" classname="com.automation.testcases.Tc2_selectfacility">
    <ignored/>
  </testcase> <!-- Selectfacility -->
</testsuite> <!-- Test -->
