<?xml version="1.0" encoding="UTF-8"?>
<!-- Generated by org.testng.reporters.JUnitXMLReporter -->
<testsuite hostname="DESKTOP-90C26VK" ignored="2" name="Test" tests="2" failures="1" timestamp="19 Feb 2020 06:22:42 GMT" time="0.085" errors="0">
  <testcase name="thirdclass" time="0.02" classname="com.automation.testcases.Tc1_Login"/>
  <testcase name="secondclass" time="0.011" classname="com.automation.testcases.Tc1_Login">
    <failure type="java.lang.NullPointerException">
      <![CDATA[java.lang.NullPointerException
at com.automation.testcases.Tc1_Login.secondclass(Tc1_Login.java:80)
... Removed 25 stack frames]]>
    </failure>
  </testcase> <!-- secondclass -->
  <testcase name="fourthclass" time="0.0" classname="com.automation.testcases.Tc1_Login">
    <ignored/>
  </testcase> <!-- fourthclass -->
  <testcase name="login" time="0.0" classname="com.automation.testcases.Tc1_Login">
    <ignored/>
  </testcase> <!-- login -->
</testsuite> <!-- Test -->
